  Simple2DRenderer.cpp
d:\workspaces\game-engine-project\scorch engine\scorch\scorch-core\source\math\matrix4x4.h(148): warning C4244: 'initializing': conversion from 'double' to 'float', possible loss of data
d:\workspaces\game-engine-project\scorch engine\scorch\scorch-core\source\math\matrix4x4.h(174): warning C4244: 'initializing': conversion from 'double' to 'float', possible loss of data
  Layer.cpp
d:\workspaces\game-engine-project\scorch engine\scorch\scorch-core\source\math\matrix4x4.h(148): warning C4244: 'initializing': conversion from 'double' to 'float', possible loss of data
d:\workspaces\game-engine-project\scorch engine\scorch\scorch-core\source\math\matrix4x4.h(174): warning C4244: 'initializing': conversion from 'double' to 'float', possible loss of data
  Batch2DRenderer.cpp
d:\workspaces\game-engine-project\scorch engine\scorch\scorch-core\source\math\matrix4x4.h(148): warning C4244: 'initializing': conversion from 'double' to 'float', possible loss of data
d:\workspaces\game-engine-project\scorch engine\scorch\scorch-core\source\math\matrix4x4.h(174): warning C4244: 'initializing': conversion from 'double' to 'float', possible loss of data
d:\workspaces\game-engine-project\scorch engine\scorch\scorch-core\source\graphics\rendering\batch2drenderer.cpp(77): warning C4244: 'initializing': conversion from 'float' to 'int', possible loss of data
d:\workspaces\game-engine-project\scorch engine\scorch\scorch-core\source\graphics\rendering\batch2drenderer.cpp(78): warning C4244: 'initializing': conversion from 'float' to 'int', possible loss of data
d:\workspaces\game-engine-project\scorch engine\scorch\scorch-core\source\graphics\rendering\batch2drenderer.cpp(79): warning C4244: 'initializing': conversion from 'float' to 'int', possible loss of data
d:\workspaces\game-engine-project\scorch engine\scorch\scorch-core\source\graphics\rendering\batch2drenderer.cpp(80): warning C4244: 'initializing': conversion from 'float' to 'int', possible loss of data
  FlatLayer.cpp
d:\workspaces\game-engine-project\scorch engine\scorch\scorch-core\source\math\matrix4x4.h(148): warning C4244: 'initializing': conversion from 'double' to 'float', possible loss of data
d:\workspaces\game-engine-project\scorch engine\scorch\scorch-core\source\math\matrix4x4.h(174): warning C4244: 'initializing': conversion from 'double' to 'float', possible loss of data
  Main.cpp
d:\workspaces\game-engine-project\scorch engine\scorch\scorch-core\source\math\matrix4x4.h(148): warning C4244: 'initializing': conversion from 'double' to 'float', possible loss of data
d:\workspaces\game-engine-project\scorch engine\scorch\scorch-core\source\math\matrix4x4.h(174): warning C4244: 'initializing': conversion from 'double' to 'float', possible loss of data
c:\program files (x86)\windows kits\8.1\include\shared\minwindef.h(130): warning C4005: 'APIENTRY': macro redefinition
  d:\workspaces\game-engine-project\scorch engine\scorch\dependencies\glfw\include\glfw\glfw3.h(98): note: see previous definition of 'APIENTRY'
d:\workspaces\game-engine-project\scorch engine\scorch\scorch-core\main.cpp(42): warning C4305: '+=': truncation from 'double' to 'float'
d:\workspaces\game-engine-project\scorch engine\scorch\scorch-core\main.cpp(44): warning C4305: '+=': truncation from 'double' to 'float'
d:\workspaces\game-engine-project\scorch engine\scorch\scorch-core\main.cpp(54): warning C4244: 'argument': conversion from 'double' to 'float', possible loss of data
  Generating Code...
  Compiling...
  StaticSprite.cpp
d:\workspaces\game-engine-project\scorch engine\scorch\scorch-core\source\math\matrix4x4.h(148): warning C4244: 'initializing': conversion from 'double' to 'float', possible loss of data
d:\workspaces\game-engine-project\scorch engine\scorch\scorch-core\source\math\matrix4x4.h(174): warning C4244: 'initializing': conversion from 'double' to 'float', possible loss of data
  Sprite.cpp
d:\workspaces\game-engine-project\scorch engine\scorch\scorch-core\source\math\matrix4x4.h(148): warning C4244: 'initializing': conversion from 'double' to 'float', possible loss of data
d:\workspaces\game-engine-project\scorch engine\scorch\scorch-core\source\math\matrix4x4.h(174): warning C4244: 'initializing': conversion from 'double' to 'float', possible loss of data
  Generating Code...
LINK : warning LNK4098: defaultlib 'MSVCRT' conflicts with use of other libs; use /NODEFAULTLIB:library
LINK : warning LNK4098: defaultlib 'LIBCMT' conflicts with use of other libs; use /NODEFAULTLIB:library
glew32s.lib(glew.obj) : warning LNK4099: PDB 'vc120.pdb' was not found with 'glew32s.lib(glew.obj)' or at 'D:\Workspaces\Game-Engine-Project\Scorch Engine\Scorch\bin\Debug\vc120.pdb'; linking object as if no debug info
  Scorch-core.vcxproj -> D:\Workspaces\Game-Engine-Project\Scorch Engine\Scorch\bin\Debug\Scorch-core.exe
  Scorch-core.vcxproj -> D:\Workspaces\Game-Engine-Project\Scorch Engine\Scorch\bin\Debug\Scorch-core.pdb (Partial PDB)
